<?xml version="1.0" encoding="UTF-8"?>
<testng-results ignored="0" total="2" passed="2" failed="0" skipped="0">
  <reporter-output>
  </reporter-output>
  <suite started-at="2024-06-06T22:03:49 IST" name="Default suite" finished-at="2024-06-06T22:04:01 IST" duration-ms="12052">
    <groups>
    </groups>
    <test started-at="2024-06-06T22:03:49 IST" name="Default test" finished-at="2024-06-06T22:04:01 IST" duration-ms="12052">
      <class name="com.InstagramFollowers.TestRun">
        <test-method signature="launchBrowserAndUrl()[pri:0, instance:com.InstagramFollowers.TestRun@25641d39]" started-at="2024-06-06T22:03:49 IST" name="launchBrowserAndUrl" finished-at="2024-06-06T22:03:56 IST" duration-ms="6592" status="PASS">
          <reporter-output>
          </reporter-output>
        </test-method> <!-- launchBrowserAndUrl -->
        <test-method signature="GetFollowerCount()[pri:1, instance:com.InstagramFollowers.TestRun@25641d39]" started-at="2024-06-06T22:03:56 IST" name="GetFollowerCount" finished-at="2024-06-06T22:04:01 IST" duration-ms="5384" status="PASS">
          <reporter-output>
          </reporter-output>
        </test-method> <!-- GetFollowerCount -->
      </class> <!-- com.InstagramFollowers.TestRun -->
    </test> <!-- Default test -->
  </suite> <!-- Default suite -->
</testng-results>
